<?xml version="1.0" encoding="utf-8"?><testsuites name="pytest tests"><testsuite name="pytest" errors="0" failures="0" skipped="0" tests="16" time="72.874" timestamp="2026-03-24T12:11:52.093138+00:00" hostname="agent-env-151c44ef-2fa8-40cf-a20d-7837dfcf2942"><testcase classname="backend.tests.test_api.TestHealthCheck" name="test_health_endpoint" time="0.243" /><testcase classname="backend.tests.test_api.TestAuth" name="test_register_success" time="0.378" /><testcase classname="backend.tests.test_api.TestAuth" name="test_register_duplicate_email" time="0.424" /><testcase classname="backend.tests.test_api.TestAuth" name="test_login_success" time="0.667" /><testcase classname="backend.tests.test_api.TestAuth" name="test_login_invalid_credentials" time="0.104" /><testcase classname="backend.tests.test_api.TestAuth" name="test_get_me_authenticated" time="0.401" /><testcase classname="backend.tests.test_api.TestAuth" name="test_get_me_unauthenticated" time="0.113" /><testcase classname="backend.tests.test_api.TestUserProfile" name="test_update_profile" time="0.456" /><testcase classname="backend.tests.test_api.TestUserProfile" name="test_get_user_stats" time="0.397" /><testcase classname="backend.tests.test_api.TestUserProfile" name="test_toggle_app" time="0.463" /><testcase classname="backend.tests.test_api.TestNotifications" name="test_get_notifications" time="0.438" /><testcase classname="backend.tests.test_api.TestNotifications" name="test_mark_notifications_read" time="0.472" /><testcase classname="backend.tests.test_api.TestActivities" name="test_get_activities" time="0.405" /><testcase classname="backend.tests.test_api.TestAIGeneration" name="test_generate_brandkit" time="50.777" /><testcase classname="backend.tests.test_api.TestAIGeneration" name="test_generate_social_free" time="16.620" /><testcase classname="backend.tests.test_api.TestAIGeneration" name="test_generate_invalid_tool" time="0.411" /></testsuite></testsuites>